0 info it worked if it ends with ok
1 verbose cli [ 'node', '/usr/local/bin/npm', 'install', '-g', 'ionic' ]
2 info using npm@1.4.28
3 info using node@v0.10.36
4 verbose cache add [ 'ionic', null ]
5 verbose cache add name=undefined spec="ionic" args=["ionic",null]
6 verbose parsed url { protocol: null,
6 verbose parsed url   slashes: null,
6 verbose parsed url   auth: null,
6 verbose parsed url   host: null,
6 verbose parsed url   port: null,
6 verbose parsed url   hostname: null,
6 verbose parsed url   hash: null,
6 verbose parsed url   search: null,
6 verbose parsed url   query: null,
6 verbose parsed url   pathname: 'ionic',
6 verbose parsed url   path: 'ionic',
6 verbose parsed url   href: 'ionic' }
7 silly lockFile 00d10074-ionic ionic
8 verbose lock ionic /Users/brandon/.npm/00d10074-ionic.lock
9 silly lockFile 00d10074-ionic ionic
10 silly lockFile 00d10074-ionic ionic
11 verbose addNamed [ 'ionic', '' ]
12 verbose addNamed [ null, '*' ]
13 silly lockFile 966fc04a-ionic ionic@
14 verbose lock ionic@ /Users/brandon/.npm/966fc04a-ionic.lock
15 silly addNameRange { name: 'ionic', range: '*', hasData: false }
16 verbose request where is /ionic
17 verbose request registry https://registry.npmjs.org/
18 verbose request id c9c6f248bb8b3a79
19 verbose url raw /ionic
20 verbose url resolving [ 'https://registry.npmjs.org/', './ionic' ]
21 verbose url resolved https://registry.npmjs.org/ionic
22 verbose request where is https://registry.npmjs.org/ionic
23 info trying registry request attempt 1 at 16:39:39
24 http GET https://registry.npmjs.org/ionic
25 http 200 https://registry.npmjs.org/ionic
26 silly registry.get cb [ 200,
26 silly registry.get   { date: 'Mon, 02 Feb 2015 23:39:39 GMT',
26 silly registry.get     server: 'CouchDB/1.5.0 (Erlang OTP/R16B03)',
26 silly registry.get     etag: '"CRZEMUDQEGIUHCN52ROYDR2NN"',
26 silly registry.get     'content-type': 'application/json',
26 silly registry.get     'cache-control': 'max-age=60',
26 silly registry.get     'content-length': '188633',
26 silly registry.get     'accept-ranges': 'bytes',
26 silly registry.get     via: '1.1 varnish',
26 silly registry.get     age: '0',
26 silly registry.get     'x-served-by': 'cache-sjc3130-SJC',
26 silly registry.get     'x-cache': 'HIT',
26 silly registry.get     'x-cache-hits': '1',
26 silly registry.get     'x-timer': 'S1422920379.823819,VS0,VE83',
26 silly registry.get     vary: 'Accept',
26 silly registry.get     'keep-alive': 'timeout=10, max=50',
26 silly registry.get     connection: 'Keep-Alive' } ]
27 silly addNameRange number 2 { name: 'ionic', range: '*', hasData: true }
28 silly addNameRange versions [ 'ionic',
28 silly addNameRange   [ '0.9.6',
28 silly addNameRange     '0.9.8',
28 silly addNameRange     '0.9.9',
28 silly addNameRange     '0.9.10',
28 silly addNameRange     '0.9.11',
28 silly addNameRange     '0.9.12',
28 silly addNameRange     '0.9.13',
28 silly addNameRange     '0.9.14',
28 silly addNameRange     '0.9.15',
28 silly addNameRange     '0.9.16',
28 silly addNameRange     '1.0.0-beta.1',
28 silly addNameRange     '1.0.0-beta',
28 silly addNameRange     '1.0.1-beta',
28 silly addNameRange     '1.0.3-beta',
28 silly addNameRange     '1.0.4',
28 silly addNameRange     '1.0.5',
28 silly addNameRange     '1.0.6',
28 silly addNameRange     '1.0.7',
28 silly addNameRange     '1.0.8',
28 silly addNameRange     '1.0.9',
28 silly addNameRange     '1.0.10',
28 silly addNameRange     '1.0.11',
28 silly addNameRange     '1.0.12',
28 silly addNameRange     '1.0.13',
28 silly addNameRange     '1.0.14',
28 silly addNameRange     '1.0.15',
28 silly addNameRange     '1.0.16',
28 silly addNameRange     '1.0.17',
28 silly addNameRange     '1.1.0-beta1',
28 silly addNameRange     '1.1.0-beta2',
28 silly addNameRange     '1.1.0-beta3',
28 silly addNameRange     '1.1.0-beta4',
28 silly addNameRange     '1.1.0-beta5',
28 silly addNameRange     '1.1.0-beta6',
28 silly addNameRange     '1.1.0',
28 silly addNameRange     '1.1.1-beta1',
28 silly addNameRange     '1.1.1-beta2',
28 silly addNameRange     '1.1.1-beta3',
28 silly addNameRange     '1.1.1',
28 silly addNameRange     '1.1.3',
28 silly addNameRange     '1.1.4',
28 silly addNameRange     '1.1.5-beta1',
28 silly addNameRange     '1.1.5-beta2',
28 silly addNameRange     '1.1.5-beta3',
28 silly addNameRange     '1.1.5-beta4',
28 silly addNameRange     '1.1.5-beta5',
28 silly addNameRange     '1.1.5',
28 silly addNameRange     '1.1.6',
28 silly addNameRange     '1.1.7-beta1',
28 silly addNameRange     '1.1.7',
28 silly addNameRange     '1.1.8-beta1',
28 silly addNameRange     '1.1.8-beta2',
28 silly addNameRange     '1.1.8-beta3',
28 silly addNameRange     '1.1.8-beta4',
28 silly addNameRange     '1.1.8-beta5',
28 silly addNameRange     '1.1.8',
28 silly addNameRange     '1.1.9-beta1',
28 silly addNameRange     '1.1.9',
28 silly addNameRange     '1.1.10',
28 silly addNameRange     '1.1.11-beta1',
28 silly addNameRange     '1.1.11-beta2',
28 silly addNameRange     '1.1.11',
28 silly addNameRange     '1.1.12-beta1',
28 silly addNameRange     '1.1.12-beta2',
28 silly addNameRange     '1.1.12-beta3',
28 silly addNameRange     '1.1.12',
28 silly addNameRange     '1.1.13',
28 silly addNameRange     '1.1.14-beta1',
28 silly addNameRange     '1.1.14-beta2',
28 silly addNameRange     '1.1.14-beta3',
28 silly addNameRange     '1.2.0-beta1',
28 silly addNameRange     '1.2.0',
28 silly addNameRange     '1.2.1-beta1',
28 silly addNameRange     '1.2.1-beta2',
28 silly addNameRange     '1.2.1-beta3',
28 silly addNameRange     '1.2.1-beta4',
28 silly addNameRange     '1.2.1',
28 silly addNameRange     '1.2.2',
28 silly addNameRange     '1.2.3-beta1',
28 silly addNameRange     '1.2.3-beta2',
28 silly addNameRange     '1.2.3-beta3',
28 silly addNameRange     '1.2.3',
28 silly addNameRange     '1.2.4-beta1',
28 silly addNameRange     '1.2.4-beta2',
28 silly addNameRange     '1.2.4-beta3',
28 silly addNameRange     '1.2.4',
28 silly addNameRange     '1.2.5-beta1',
28 silly addNameRange     '1.2.5-beta2',
28 silly addNameRange     '1.2.5-beta3',
28 silly addNameRange     '1.2.5',
28 silly addNameRange     '1.2.6-beta1',
28 silly addNameRange     '1.2.6-beta2',
28 silly addNameRange     '1.2.6-beta3',
28 silly addNameRange     '1.2.6',
28 silly addNameRange     '1.2.7',
28 silly addNameRange     '1.2.8-beta1',
28 silly addNameRange     '1.2.8-beta2',
28 silly addNameRange     '1.2.8',
28 silly addNameRange     '1.2.9',
28 silly addNameRange     '1.2.10',
28 silly addNameRange     '1.2.11',
28 silly addNameRange     '1.2.12',
28 silly addNameRange     '1.2.13',
28 silly addNameRange     '1.2.14-beta1',
28 silly addNameRange     '1.2.14-beta2',
28 silly addNameRange     '1.2.14-beta3',
28 silly addNameRange     '1.2.14-beta4',
28 silly addNameRange     '1.2.14-beta5',
28 silly addNameRange     '1.2.14-beta6',
28 silly addNameRange     '1.2.14',
28 silly addNameRange     '1.3.0-beta1',
28 silly addNameRange     '1.3.0',
28 silly addNameRange     '1.3.1',
28 silly addNameRange     '1.3.2',
28 silly addNameRange     '1.3.3' ] ]
29 verbose addNamed [ 'ionic', '1.3.3' ]
30 verbose addNamed [ '1.3.3', '1.3.3' ]
31 silly lockFile 79d5f30d-ionic-1-3-3 ionic@1.3.3
32 verbose lock ionic@1.3.3 /Users/brandon/.npm/79d5f30d-ionic-1-3-3.lock
33 silly lockFile 0e01dbe9--npmjs-org-ionic-ionic-1-3-3-tgz https://registry.npmjs.org/ionic/-/ionic-1.3.3.tgz
34 verbose lock https://registry.npmjs.org/ionic/-/ionic-1.3.3.tgz /Users/brandon/.npm/0e01dbe9--npmjs-org-ionic-ionic-1-3-3-tgz.lock
35 verbose addRemoteTarball [ 'https://registry.npmjs.org/ionic/-/ionic-1.3.3.tgz',
35 verbose addRemoteTarball   '855ecabdbb9b833d653632fe3e93a9852fc936db' ]
36 info retry fetch attempt 1 at 16:39:39
37 verbose fetch to= /var/folders/lk/my23b_h11m5_4qmlzzgdj1gc0000gn/T/npm-28261-U9-GOk5D/registry.npmjs.org/ionic/-/ionic-1.3.3.tgz
38 http GET https://registry.npmjs.org/ionic/-/ionic-1.3.3.tgz
39 http 200 https://registry.npmjs.org/ionic/-/ionic-1.3.3.tgz
40 silly lockFile 0e01dbe9--npmjs-org-ionic-ionic-1-3-3-tgz https://registry.npmjs.org/ionic/-/ionic-1.3.3.tgz
41 silly lockFile 0e01dbe9--npmjs-org-ionic-ionic-1-3-3-tgz https://registry.npmjs.org/ionic/-/ionic-1.3.3.tgz
42 silly lockFile 79d5f30d-ionic-1-3-3 ionic@1.3.3
43 silly lockFile 79d5f30d-ionic-1-3-3 ionic@1.3.3
44 silly lockFile 966fc04a-ionic ionic@
45 silly lockFile 966fc04a-ionic ionic@
46 silly resolved [ { name: 'ionic',
46 silly resolved     version: '1.3.3',
46 silly resolved     preferGlobal: true,
46 silly resolved     description: 'A tool for creating and developing Ionic Framework mobile apps.',
46 silly resolved     homepage: 'http://ionicframework.com/',
46 silly resolved     bin: { ionic: 'bin/ionic' },
46 silly resolved     keywords:
46 silly resolved      [ 'ionic',
46 silly resolved        'ionic framework',
46 silly resolved        'ionicframework',
46 silly resolved        'mobile',
46 silly resolved        'app',
46 silly resolved        'hybrid',
46 silly resolved        'cordova',
46 silly resolved        'phonegap' ],
46 silly resolved     repository:
46 silly resolved      { type: 'git',
46 silly resolved        url: 'https://github.com/driftyco/ionic-cli.git' },
46 silly resolved     contributors: [ [Object], [Object], [Object], [Object] ],
46 silly resolved     license: 'MIT',
46 silly resolved     dependencies:
46 silly resolved      { archiver: '0.5.1',
46 silly resolved        colors: '0.6.2',
46 silly resolved        connect: '3.1.1',
46 silly resolved        'connect-livereload': '0.5.2',
46 silly resolved        crc: '3.2.1',
46 silly resolved        'cross-spawn': '0.2.3',
46 silly resolved        'event-stream': '3.0.x',
46 silly resolved        finalhandler: '0.2.0',
46 silly resolved        'form-data': '0.1.4',
46 silly resolved        gulp: '3.8.8',
46 silly resolved        ncp: '0.4.2',
46 silly resolved        npm: '2.1.3',
46 silly resolved        opbeat: '^1.0.7',
46 silly resolved        open: '0.0.5',
46 silly resolved        optimist: '0.6.0',
46 silly resolved        progress: '1.1.7',
46 silly resolved        prompt: '0.2.12',
46 silly resolved        'proxy-middleware': '^0.7.0',
46 silly resolved        q: '1.0.1',
46 silly resolved        request: '2.51.0',
46 silly resolved        'serve-static': '1.7.1',
46 silly resolved        shelljs: '0.2.6',
46 silly resolved        'tiny-lr-fork': '0.0.5',
46 silly resolved        underscore: '~1.7.0',
46 silly resolved        unzip: '0.1.9',
46 silly resolved        'vinyl-fs': '0.3.7',
46 silly resolved        xml2js: '0.4.4' },
46 silly resolved     gitHead: '5aeb513f20a723c1787845d1a845cf18f6f80d71',
46 silly resolved     bugs: { url: 'https://github.com/driftyco/ionic-cli/issues' },
46 silly resolved     _id: 'ionic@1.3.3',
46 silly resolved     scripts: {},
46 silly resolved     _shasum: '855ecabdbb9b833d653632fe3e93a9852fc936db',
46 silly resolved     _from: 'ionic@',
46 silly resolved     _npmVersion: '2.1.10',
46 silly resolved     _nodeVersion: '0.10.33',
46 silly resolved     _npmUser: { name: 'drifty', email: 'max@drifty.com' },
46 silly resolved     maintainers: [ [Object] ],
46 silly resolved     dist:
46 silly resolved      { shasum: '855ecabdbb9b833d653632fe3e93a9852fc936db',
46 silly resolved        tarball: 'http://registry.npmjs.org/ionic/-/ionic-1.3.3.tgz' },
46 silly resolved     directories: {},
46 silly resolved     _resolved: 'https://registry.npmjs.org/ionic/-/ionic-1.3.3.tgz' } ]
47 info install ionic@1.3.3 into /usr/local/lib
48 info installOne ionic@1.3.3
49 verbose lib/node_modules/ionic unbuild
50 verbose tar unpack /Users/brandon/.npm/ionic/1.3.3/package.tgz
51 silly lockFile 49903aa3-usr-local-lib-node-modules-ionic tar:///usr/local/lib/node_modules/ionic
52 verbose lock tar:///usr/local/lib/node_modules/ionic /Users/brandon/.npm/49903aa3-usr-local-lib-node-modules-ionic.lock
53 silly lockFile 1ef3af04-ndon-npm-ionic-1-3-3-package-tgz tar:///Users/brandon/.npm/ionic/1.3.3/package.tgz
54 verbose lock tar:///Users/brandon/.npm/ionic/1.3.3/package.tgz /Users/brandon/.npm/1ef3af04-ndon-npm-ionic-1-3-3-package-tgz.lock
55 silly gunzTarPerm modes [ '755', '644' ]
56 error Error: EACCES, mkdir '/usr/local/lib/node_modules/ionic'
56 error  { [Error: EACCES, mkdir '/usr/local/lib/node_modules/ionic']
56 error   errno: 3,
56 error   code: 'EACCES',
56 error   path: '/usr/local/lib/node_modules/ionic',
56 error   fstream_type: 'Directory',
56 error   fstream_path: '/usr/local/lib/node_modules/ionic',
56 error   fstream_class: 'DirWriter',
56 error   fstream_stack:
56 error    [ '/usr/local/lib/node_modules/npm/node_modules/fstream/lib/dir-writer.js:36:23',
56 error      '/usr/local/lib/node_modules/npm/node_modules/mkdirp/index.js:46:53',
56 error      'Object.oncomplete (fs.js:108:15)' ] }
57 error Please try running this command again as root/Administrator.
58 error System Darwin 14.0.0
59 error command "node" "/usr/local/bin/npm" "install" "-g" "ionic"
60 error cwd /Users/brandon/Desktop/FeedHappy/feed-happy
61 error node -v v0.10.36
62 error npm -v 1.4.28
63 error path /usr/local/lib/node_modules/ionic
64 error fstream_path /usr/local/lib/node_modules/ionic
65 error fstream_type Directory
66 error fstream_class DirWriter
67 error code EACCES
68 error errno 3
69 error stack Error: EACCES, mkdir '/usr/local/lib/node_modules/ionic'
70 error fstream_stack /usr/local/lib/node_modules/npm/node_modules/fstream/lib/dir-writer.js:36:23
70 error fstream_stack /usr/local/lib/node_modules/npm/node_modules/mkdirp/index.js:46:53
70 error fstream_stack Object.oncomplete (fs.js:108:15)
71 verbose exit [ 3, true ]
